2022-02-17 10:06:50,906 [INFO] Activator:170 - 


2022-02-17 10:06:50,907 [INFO] Activator:171 - !SESSION log4j initialized
2022-02-17 10:59:16,036 [INFO] Activator:170 - 


2022-02-17 10:59:16,037 [INFO] Activator:171 - !SESSION log4j initialized
2022-02-17 11:15:37,043 [INFO] McuFinderGlobals:39 - Set McuFinder mode to 2 (CubeIDE integrated)
2022-02-17 11:15:39,549 [INFO] ApplicationProperties:181 - Using Application install path: C:\ST\STM32CubeIDE_1.6.1\STM32CubeIDE\plugins\com.st.stm32cube.common.mx_6.2.1.202103241236
2022-02-17 11:15:39,559 [INFO] DbMcusXml:74 - Set database path to: C:\ST\STM32CubeIDE_1.6.1\STM32CubeIDE\plugins\com.st.stm32cube.common.mx_6.2.1.202103241236\\db\/mcu/
2022-02-17 11:15:39,573 [INFO] DbBoardsPdsc:56 - Set plugin database path to: C:\ST\STM32CubeIDE_1.6.1\STM32CubeIDE\plugins\com.st.stm32cube.common.mx_6.2.1.202103241236\\db\/plugins/boardmanager/
2022-02-17 11:15:39,573 [INFO] DbMcus:258 - Set plugin images path to: C:\ST\STM32CubeIDE_1.6.1\STM32CubeIDE\plugins\com.st.stm32cube.common.mx_6.2.1.202103241236\\db\/plugins/mcufinder/images/
2022-02-17 11:15:39,574 [INFO] DbBoards:264 - Set plugin images path to: C:\ST\STM32CubeIDE_1.6.1\STM32CubeIDE\plugins\com.st.stm32cube.common.mx_6.2.1.202103241236\\db\/plugins/mcufinder/images/
2022-02-17 11:15:39,575 [INFO] DbExamples:333 - Set plugin images path to: C:\ST\STM32CubeIDE_1.6.1\STM32CubeIDE\plugins\com.st.stm32cube.common.mx_6.2.1.202103241236\\db\/plugins/mcufinder/images/
2022-02-17 11:15:39,579 [INFO] DbMcusAds:85 - Set database path to: C:\Users\user\.stmcufinder\plugins\mcufinder//mcu/
2022-02-17 11:15:39,579 [INFO] DbMcusDocs:110 - Set database path to: C:\Users\user\.stmcufinder\plugins\mcufinder//mcu/
2022-02-17 11:15:39,581 [INFO] DbMcusJson:65 - Set database path to: C:\Users\user\.stmcufinder\plugins\mcufinder//mcu/
2022-02-17 11:15:39,581 [INFO] DbBoardsDocs:110 - Set database path to: C:\Users\user\.stmcufinder\plugins\mcufinder//mcu/
2022-02-17 11:15:39,582 [INFO] DbBoardsJson:58 - Set database path to: C:\Users\user\.stmcufinder\plugins\mcufinder//mcu/
2022-02-17 11:15:39,982 [INFO] CrossReferenceDbSqlite:196 - Set database path to: C:\Users\user\.stmcufinder\plugins\mcufinder//mcu/cs/
2022-02-17 11:15:39,987 [INFO] DbExamplesSqlite:690 - Set database path to: C:\Users\user\.stmcufinder\plugins\mcufinder//mcu/
2022-02-17 11:15:40,052 [INFO] RulesReader:52 - Compatibility file has been processed (237 Rules)
2022-02-17 11:15:40,116 [INFO] MicroXplorer:622 - Detected Java Version = 11.0.9.1
2022-02-17 11:15:40,117 [INFO] DbMcusXml:74 - Set database path to: C:\ST\STM32CubeIDE_1.6.1\STM32CubeIDE\plugins\com.st.stm32cube.common.mx_6.2.1.202103241236\\db\/mcu/
2022-02-17 11:15:40,117 [INFO] DbBoardsPdsc:56 - Set plugin database path to: C:\ST\STM32CubeIDE_1.6.1\STM32CubeIDE\plugins\com.st.stm32cube.common.mx_6.2.1.202103241236\\db\/plugins/boardmanager/
2022-02-17 11:15:40,118 [INFO] DbMcus:258 - Set plugin images path to: C:\ST\STM32CubeIDE_1.6.1\STM32CubeIDE\plugins\com.st.stm32cube.common.mx_6.2.1.202103241236\\db\/plugins/mcufinder/images/
2022-02-17 11:15:40,118 [INFO] DbBoards:264 - Set plugin images path to: C:\ST\STM32CubeIDE_1.6.1\STM32CubeIDE\plugins\com.st.stm32cube.common.mx_6.2.1.202103241236\\db\/plugins/mcufinder/images/
2022-02-17 11:15:40,118 [INFO] DbExamples:333 - Set plugin images path to: C:\ST\STM32CubeIDE_1.6.1\STM32CubeIDE\plugins\com.st.stm32cube.common.mx_6.2.1.202103241236\\db\/plugins/mcufinder/images/
2022-02-17 11:15:40,118 [WARN] DbFile:35 - Overriding database path with different value: C:\Users\user\.stmcufinder\plugins\mcufinder/ => C:\Users\user\.stmcufinder\plugins\mcufinder
2022-02-17 11:15:40,118 [INFO] DbMcusAds:85 - Set database path to: C:\Users\user\.stmcufinder\plugins\mcufinder//mcu/
2022-02-17 11:15:40,118 [WARN] DbFile:35 - Overriding database path with different value: C:\Users\user\.stmcufinder\plugins\mcufinder/ => C:\Users\user\.stmcufinder\plugins\mcufinder
2022-02-17 11:15:40,118 [INFO] DbMcusDocs:110 - Set database path to: C:\Users\user\.stmcufinder\plugins\mcufinder//mcu/
2022-02-17 11:15:40,118 [WARN] DbFile:35 - Overriding database path with different value: C:\Users\user\.stmcufinder\plugins\mcufinder/ => C:\Users\user\.stmcufinder\plugins\mcufinder
2022-02-17 11:15:40,118 [INFO] DbMcusJson:65 - Set database path to: C:\Users\user\.stmcufinder\plugins\mcufinder//mcu/
2022-02-17 11:15:40,118 [WARN] DbFile:35 - Overriding database path with different value: C:\Users\user\.stmcufinder\plugins\mcufinder/ => C:\Users\user\.stmcufinder\plugins\mcufinder
2022-02-17 11:15:40,118 [INFO] DbBoardsDocs:110 - Set database path to: C:\Users\user\.stmcufinder\plugins\mcufinder//mcu/
2022-02-17 11:15:40,119 [WARN] DbFile:35 - Overriding database path with different value: C:\Users\user\.stmcufinder\plugins\mcufinder/ => C:\Users\user\.stmcufinder\plugins\mcufinder
2022-02-17 11:15:40,119 [INFO] DbBoardsJson:58 - Set database path to: C:\Users\user\.stmcufinder\plugins\mcufinder//mcu/
2022-02-17 11:15:40,119 [WARN] DbFile:35 - Overriding database path with different value: C:\Users\user\.stmcufinder\plugins\mcufinder/ => C:\Users\user\.stmcufinder\plugins\mcufinder
2022-02-17 11:15:40,119 [WARN] DbFile:35 - Overriding database path with different value: C:\Users\user\.stmcufinder\plugins\mcufinder/ => C:\Users\user\.stmcufinder\plugins\mcufinder
2022-02-17 11:15:40,119 [INFO] CrossReferenceDbSqlite:196 - Set database path to: C:\Users\user\.stmcufinder\plugins\mcufinder//mcu/cs/
2022-02-17 11:15:40,119 [WARN] DbFile:35 - Overriding database path with different value: C:\Users\user\.stmcufinder\plugins\mcufinder/ => C:\Users\user\.stmcufinder\plugins\mcufinder
2022-02-17 11:15:40,119 [INFO] DbExamplesSqlite:690 - Set database path to: C:\Users\user\.stmcufinder\plugins\mcufinder//mcu/
2022-02-17 11:15:40,170 [INFO] MainPanel:204 - HeapMemory: 520093696
2022-02-17 11:15:40,209 [INFO] DbMcusXml:74 - Set database path to: C:\ST\STM32CubeIDE_1.6.1\STM32CubeIDE\plugins\com.st.stm32cube.common.mx_6.2.1.202103241236\\db\/mcu/
2022-02-17 11:15:40,209 [INFO] DbBoardsPdsc:56 - Set plugin database path to: C:\ST\STM32CubeIDE_1.6.1\STM32CubeIDE\plugins\com.st.stm32cube.common.mx_6.2.1.202103241236\\db\/plugins/boardmanager/
2022-02-17 11:15:40,209 [INFO] DbMcus:258 - Set plugin images path to: C:\ST\STM32CubeIDE_1.6.1\STM32CubeIDE\plugins\com.st.stm32cube.common.mx_6.2.1.202103241236\\db\/plugins/mcufinder/images/
2022-02-17 11:15:40,209 [INFO] DbBoards:264 - Set plugin images path to: C:\ST\STM32CubeIDE_1.6.1\STM32CubeIDE\plugins\com.st.stm32cube.common.mx_6.2.1.202103241236\\db\/plugins/mcufinder/images/
2022-02-17 11:15:40,209 [INFO] DbExamples:333 - Set plugin images path to: C:\ST\STM32CubeIDE_1.6.1\STM32CubeIDE\plugins\com.st.stm32cube.common.mx_6.2.1.202103241236\\db\/plugins/mcufinder/images/
2022-02-17 11:15:40,209 [WARN] DbFile:35 - Overriding database path with different value: C:\Users\user\.stmcufinder\plugins\mcufinder/ => C:\Users\user\.stmcufinder\plugins\mcufinder
2022-02-17 11:15:40,209 [INFO] DbMcusAds:85 - Set database path to: C:\Users\user\.stmcufinder\plugins\mcufinder//mcu/
2022-02-17 11:15:40,209 [WARN] DbFile:35 - Overriding database path with different value: C:\Users\user\.stmcufinder\plugins\mcufinder/ => C:\Users\user\.stmcufinder\plugins\mcufinder
2022-02-17 11:15:40,210 [INFO] DbMcusDocs:110 - Set database path to: C:\Users\user\.stmcufinder\plugins\mcufinder//mcu/
2022-02-17 11:15:40,210 [WARN] DbFile:35 - Overriding database path with different value: C:\Users\user\.stmcufinder\plugins\mcufinder/ => C:\Users\user\.stmcufinder\plugins\mcufinder
2022-02-17 11:15:40,210 [INFO] DbMcusJson:65 - Set database path to: C:\Users\user\.stmcufinder\plugins\mcufinder//mcu/
2022-02-17 11:15:40,210 [WARN] DbFile:35 - Overriding database path with different value: C:\Users\user\.stmcufinder\plugins\mcufinder/ => C:\Users\user\.stmcufinder\plugins\mcufinder
2022-02-17 11:15:40,210 [INFO] DbBoardsDocs:110 - Set database path to: C:\Users\user\.stmcufinder\plugins\mcufinder//mcu/
2022-02-17 11:15:40,210 [WARN] DbFile:35 - Overriding database path with different value: C:\Users\user\.stmcufinder\plugins\mcufinder/ => C:\Users\user\.stmcufinder\plugins\mcufinder
2022-02-17 11:15:40,210 [INFO] DbBoardsJson:58 - Set database path to: C:\Users\user\.stmcufinder\plugins\mcufinder//mcu/
2022-02-17 11:15:40,210 [WARN] DbFile:35 - Overriding database path with different value: C:\Users\user\.stmcufinder\plugins\mcufinder/ => C:\Users\user\.stmcufinder\plugins\mcufinder
2022-02-17 11:15:40,210 [WARN] DbFile:35 - Overriding database path with different value: C:\Users\user\.stmcufinder\plugins\mcufinder/ => C:\Users\user\.stmcufinder\plugins\mcufinder
2022-02-17 11:15:40,210 [INFO] CrossReferenceDbSqlite:196 - Set database path to: C:\Users\user\.stmcufinder\plugins\mcufinder//mcu/cs/
2022-02-17 11:15:40,210 [WARN] DbFile:35 - Overriding database path with different value: C:\Users\user\.stmcufinder\plugins\mcufinder/ => C:\Users\user\.stmcufinder\plugins\mcufinder
2022-02-17 11:15:40,210 [INFO] DbExamplesSqlite:690 - Set database path to: C:\Users\user\.stmcufinder\plugins\mcufinder//mcu/
2022-02-17 11:15:40,219 [INFO] ApplicationProperties:181 - Using Application install path: C:\ST\STM32CubeIDE_1.6.1\STM32CubeIDE\plugins\com.st.stm32cube.common.mx_6.2.1.202103241236
2022-02-17 11:15:40,220 [INFO] PluginManage:178 - Search for loadable plugins [exclusion list=, ]
2022-02-17 11:15:40,221 [INFO] PluginManage:292 - Check plugin analytics
2022-02-17 11:15:45,064 [INFO] AnalyticsPlugin:233 - Accepted Software Licenses: 
2022-02-17 11:15:45,064 [INFO] AnalyticsPlugin:235 - Accepted CMSIS Pack Licenses: 
2022-02-17 11:15:45,065 [INFO] AnalyticsPlugin:237 - Accepted Firmware Licenses: 
2022-02-17 11:15:45,065 [INFO] PluginManage:342 - Loaded plugin analytics (category:tool,tabindex:-1)
2022-02-17 11:15:45,065 [INFO] PluginManage:292 - Check plugin clock
2022-02-17 11:15:45,075 [INFO] PluginManage:342 - Loaded plugin clock (category:base,tabindex:2)
2022-02-17 11:15:45,075 [INFO] PluginManage:292 - Check plugin ddr
2022-02-17 11:15:45,076 [INFO] PluginManage:342 - Loaded plugin ddr (category:tool,tabindex:6)
2022-02-17 11:15:45,076 [INFO] PluginManage:292 - Check plugin filemanager
2022-02-17 11:15:45,153 [INFO] PluginManage:342 - Loaded plugin filemanager (category:base,tabindex:10)
2022-02-17 11:15:45,153 [INFO] PluginManage:292 - Check plugin ipmanager
2022-02-17 11:15:45,158 [INFO] PluginManage:342 - Loaded plugin ipmanager (category:base,tabindex:5)
2022-02-17 11:15:45,158 [INFO] PluginManage:292 - Check plugin pinoutandconfiguration
2022-02-17 11:15:45,163 [INFO] PluginManage:342 - Loaded plugin pinoutandconfiguration (category:base,tabindex:1)
2022-02-17 11:15:45,164 [INFO] PluginManage:292 - Check plugin pinoutconfig
2022-02-17 11:15:45,192 [INFO] PluginManage:342 - Loaded plugin pinoutconfig (category:base,tabindex:0)
2022-02-17 11:15:45,192 [INFO] PluginManage:292 - Check plugin power
2022-02-17 11:15:45,199 [INFO] PluginManage:342 - Loaded plugin power (category:power,tabindex:4)
2022-02-17 11:15:45,199 [INFO] PluginManage:292 - Check plugin projectmanager
2022-02-17 11:15:45,211 [INFO] PluginManage:342 - Loaded plugin projectmanager (category:projectmanager,tabindex:3)
2022-02-17 11:15:45,212 [INFO] PluginManage:292 - Check plugin thirdparty
2022-02-17 11:15:45,316 [INFO] PluginManage:342 - Loaded plugin thirdparty (category:base,tabindex:-1)
2022-02-17 11:15:45,317 [INFO] PluginManage:292 - Check plugin tools
2022-02-17 11:15:45,317 [WARN] IntegrityCheckThread:59 - waiting for thirdparty lock release [integrity check]
2022-02-17 11:15:45,318 [INFO] IntegrityCheckThread:61 - entering critical section [integrity check]
2022-02-17 11:15:45,318 [INFO] ThirdPartyUpdaterWithRetryManager:56 - Updater plugin not ready yet. [1/15]
2022-02-17 11:15:45,320 [INFO] PluginManage:342 - Loaded plugin tools (category:base,tabindex:7)
2022-02-17 11:15:45,320 [INFO] PluginManage:292 - Check plugin tutovideos
2022-02-17 11:15:45,468 [INFO] PluginManage:342 - Loaded plugin tutovideos (category:base,tabindex:-1)
2022-02-17 11:15:45,469 [INFO] PluginManage:292 - Check plugin updater
2022-02-17 11:15:45,478 [INFO] PluginManage:342 - Loaded plugin updater (category:base,tabindex:12)
2022-02-17 11:15:45,478 [INFO] PluginManage:265 - PluginManage : Loaded plugins [13]
2022-02-17 11:15:45,602 [INFO] PinOutPanel:1435 - setPackage(No Configuration,No Configuration)
2022-02-17 11:15:45,662 [INFO] IPUIPlugin:64 - create IPUIPlugin
2022-02-17 11:15:45,663 [INFO] PluginManager:203 - loadIPPluginJar : add adc
2022-02-17 11:15:45,665 [INFO] IPUIPlugin:64 - create IPUIPlugin
2022-02-17 11:15:45,665 [INFO] PluginManager:203 - loadIPPluginJar : add aes
2022-02-17 11:15:45,667 [INFO] IPUIPlugin:64 - create IPUIPlugin
2022-02-17 11:15:45,667 [INFO] PluginManager:203 - loadIPPluginJar : add can
2022-02-17 11:15:45,669 [INFO] IPUIPlugin:64 - create IPUIPlugin
2022-02-17 11:15:45,669 [INFO] PluginManager:203 - loadIPPluginJar : add comp
2022-02-17 11:15:45,671 [INFO] IPUIPlugin:64 - create IPUIPlugin
2022-02-17 11:15:45,671 [INFO] PluginManager:203 - loadIPPluginJar : add cryp
2022-02-17 11:15:45,673 [INFO] IPUIPlugin:64 - create IPUIPlugin
2022-02-17 11:15:45,673 [INFO] PluginManager:203 - loadIPPluginJar : add dfsdm
2022-02-17 11:15:45,678 [INFO] IPUIPlugin:64 - create IPUIPlugin
2022-02-17 11:15:45,678 [INFO] PluginManager:203 - loadIPPluginJar : add dma
2022-02-17 11:15:45,680 [INFO] IPUIPlugin:64 - create IPUIPlugin
2022-02-17 11:15:45,680 [INFO] PluginManager:203 - loadIPPluginJar : add fatfs
2022-02-17 11:15:45,684 [INFO] IPUIPlugin:64 - create IPUIPlugin
2022-02-17 11:15:45,684 [INFO] PluginManager:203 - loadIPPluginJar : add fmc
2022-02-17 11:15:45,689 [INFO] IPUIPlugin:64 - create IPUIPlugin
2022-02-17 11:15:45,689 [INFO] PluginManager:203 - loadIPPluginJar : add freertos
2022-02-17 11:15:45,690 [INFO] IPUIPlugin:64 - create IPUIPlugin
2022-02-17 11:15:45,690 [INFO] PluginManager:203 - loadIPPluginJar : add genericplugin
2022-02-17 11:15:45,692 [INFO] IPUIPlugin:64 - create IPUIPlugin
2022-02-17 11:15:45,692 [INFO] PluginManager:203 - loadIPPluginJar : add gfxmmu
2022-02-17 11:15:45,697 [INFO] IPUIPlugin:64 - create IPUIPlugin
2022-02-17 11:15:45,697 [INFO] PluginManager:203 - loadIPPluginJar : add gic
2022-02-17 11:15:45,700 [INFO] IPUIPlugin:64 - create IPUIPlugin
2022-02-17 11:15:45,700 [INFO] PluginManager:203 - loadIPPluginJar : add gpio
2022-02-17 11:15:45,702 [INFO] IPUIPlugin:64 - create IPUIPlugin
2022-02-17 11:15:45,703 [INFO] PluginManager:203 - loadIPPluginJar : add gtzc
2022-02-17 11:15:45,704 [INFO] IPUIPlugin:64 - create IPUIPlugin
2022-02-17 11:15:45,705 [INFO] PluginManager:203 - loadIPPluginJar : add hash
2022-02-17 11:15:45,707 [INFO] IPUIPlugin:64 - create IPUIPlugin
2022-02-17 11:15:45,707 [INFO] PluginManager:203 - loadIPPluginJar : add i2c
2022-02-17 11:15:45,709 [INFO] IPUIPlugin:64 - create IPUIPlugin
2022-02-17 11:15:45,709 [INFO] PluginManager:203 - loadIPPluginJar : add i2s
2022-02-17 11:15:45,711 [INFO] IPUIPlugin:64 - create IPUIPlugin
2022-02-17 11:15:45,712 [INFO] PluginManager:203 - loadIPPluginJar : add ipddr
2022-02-17 11:15:45,714 [INFO] IPUIPlugin:64 - create IPUIPlugin
2022-02-17 11:15:45,714 [INFO] PluginManager:203 - loadIPPluginJar : add lorawan
2022-02-17 11:15:45,715 [INFO] IPUIPlugin:64 - create IPUIPlugin
2022-02-17 11:15:45,715 [INFO] PluginManager:203 - loadIPPluginJar : add ltdc
2022-02-17 11:15:45,718 [INFO] IPUIPlugin:64 - create IPUIPlugin
2022-02-17 11:15:45,719 [INFO] PluginManager:203 - loadIPPluginJar : add mdma
2022-02-17 11:15:45,721 [INFO] IPUIPlugin:64 - create IPUIPlugin
2022-02-17 11:15:45,721 [INFO] PluginManager:203 - loadIPPluginJar : add nvic
2022-02-17 11:15:45,724 [INFO] IPUIPlugin:64 - create IPUIPlugin
2022-02-17 11:15:45,724 [INFO] PluginManager:203 - loadIPPluginJar : add opamp
2022-02-17 11:15:45,726 [INFO] IPUIPlugin:64 - create IPUIPlugin
2022-02-17 11:15:45,727 [INFO] PluginManager:203 - loadIPPluginJar : add openamp
2022-02-17 11:15:45,729 [INFO] IPUIPlugin:64 - create IPUIPlugin
2022-02-17 11:15:45,729 [INFO] PluginManager:203 - loadIPPluginJar : add pdm2pcm
2022-02-17 11:15:45,735 [INFO] IPUIPlugin:64 - create IPUIPlugin
2022-02-17 11:15:45,738 [INFO] PluginManager:203 - loadIPPluginJar : add plateformsettings
2022-02-17 11:15:45,739 [INFO] IPUIPlugin:64 - create IPUIPlugin
2022-02-17 11:15:45,739 [INFO] PluginManager:203 - loadIPPluginJar : add quadspi
2022-02-17 11:15:45,742 [INFO] IPUIPlugin:64 - create IPUIPlugin
2022-02-17 11:15:45,742 [INFO] PluginManager:203 - loadIPPluginJar : add resmgrutility
2022-02-17 11:15:45,745 [INFO] IPUIPlugin:64 - create IPUIPlugin
2022-02-17 11:15:45,745 [INFO] PluginManager:203 - loadIPPluginJar : add sai
2022-02-17 11:15:45,747 [INFO] IPUIPlugin:64 - create IPUIPlugin
2022-02-17 11:15:45,747 [INFO] PluginManager:203 - loadIPPluginJar : add spi
2022-02-17 11:15:45,750 [INFO] IPUIPlugin:64 - create IPUIPlugin
2022-02-17 11:15:45,751 [INFO] PluginManager:203 - loadIPPluginJar : add stm32_wpan
2022-02-17 11:15:45,752 [INFO] IPUIPlugin:64 - create IPUIPlugin
2022-02-17 11:15:45,752 [INFO] PluginManager:203 - loadIPPluginJar : add tim
2022-02-17 11:15:45,755 [INFO] IPUIPlugin:64 - create IPUIPlugin
2022-02-17 11:15:45,755 [INFO] PluginManager:203 - loadIPPluginJar : add touchsensing
2022-02-17 11:15:45,756 [INFO] IPUIPlugin:64 - create IPUIPlugin
2022-02-17 11:15:45,757 [INFO] PluginManager:203 - loadIPPluginJar : add tracer_emb
2022-02-17 11:15:45,758 [INFO] IPUIPlugin:64 - create IPUIPlugin
2022-02-17 11:15:45,758 [INFO] PluginManager:203 - loadIPPluginJar : add ts
2022-02-17 11:15:45,759 [INFO] IPUIPlugin:64 - create IPUIPlugin
2022-02-17 11:15:45,760 [INFO] PluginManager:203 - loadIPPluginJar : add tsc
2022-02-17 11:15:45,761 [INFO] IPUIPlugin:64 - create IPUIPlugin
2022-02-17 11:15:45,761 [INFO] PluginManager:203 - loadIPPluginJar : add ucpd
2022-02-17 11:15:45,763 [INFO] IPUIPlugin:64 - create IPUIPlugin
2022-02-17 11:15:45,764 [INFO] PluginManager:203 - loadIPPluginJar : add usart
2022-02-17 11:15:46,002 [FATAL] Updater:284 - Updater called before beeing initialized
2022-02-17 11:15:46,108 [FATAL] Updater:284 - Updater called before beeing initialized
2022-02-17 11:15:46,112 [INFO] DbMcusAds:132 - JSON generation date=Thu Sep 30 14:57:08 CST 2021 (1632985028523)
2022-02-17 11:15:46,128 [FATAL] Updater:284 - Updater called before beeing initialized
2022-02-17 11:15:46,163 [WARN] DetailPanel:315 - Failed to get advertising image, set to default
2022-02-17 11:15:46,322 [FATAL] Updater:284 - Updater called before beeing initialized
2022-02-17 11:15:46,324 [FATAL] Updater:284 - Updater called before beeing initialized
2022-02-17 11:15:46,325 [FATAL] Updater:284 - Updater called before beeing initialized
2022-02-17 11:15:46,325 [WARN] DetailPanel:315 - Failed to get advertising image, set to default
2022-02-17 11:15:46,326 [FATAL] Updater:284 - Updater called before beeing initialized
2022-02-17 11:15:46,371 [FATAL] Updater:284 - Updater called before beeing initialized
2022-02-17 11:15:46,372 [WARN] ThirdParty:796 - waiting for thirdparty lock release [close project]
2022-02-17 11:15:48,332 [INFO] ThirdPartyUpdaterWithRetryManager:56 - Updater plugin not ready yet. [2/15]
2022-02-17 11:15:51,335 [FATAL] Updater:284 - Updater called before beeing initialized
2022-02-17 11:15:51,335 [ERROR] AbstractThirdPartyUpdaterManager:153 - class java.lang.Integer cannot be cast to class java.util.List (java.lang.Integer and java.util.List are in module java.base of loader 'bootstrap')
2022-02-17 11:15:51,335 [INFO] ThirdParty:900 - Integrity check success = false
2022-02-17 11:15:51,336 [INFO] IntegrityCheckThread:75 - exiting critical section [integrity check]
2022-02-17 11:15:51,336 [INFO] IntegrityCheckThread:78 - End integrity checks thread
2022-02-17 11:15:51,336 [INFO] ThirdParty:798 - entering critical section [close project]
2022-02-17 11:15:51,337 [INFO] ThirdParty:809 - exiting critical section [close project]
2022-02-17 11:15:51,339 [INFO] PinOutPanel:1435 - setPackage(No Configuration,No Configuration)
2022-02-17 11:15:51,340 [FATAL] Updater:284 - Updater called before beeing initialized
2022-02-17 11:15:51,344 [ERROR] Updater:1065 - MainUpdater not yet initialized. External WinMGr cannot be set.
2022-02-17 11:15:51,346 [INFO] Updater:1002 - Updater Version found : 6.2.1
2022-02-17 11:15:51,359 [INFO] ApplicationProperties:181 - Using Application install path: C:\ST\STM32CubeIDE_1.6.1\STM32CubeIDE\plugins\com.st.stm32cube.common.mx_6.2.1.202103241236
2022-02-17 11:15:51,863 [INFO] MainUpdater:2661 - connection check result : 10
2022-02-17 11:15:51,864 [INFO] MainUpdater:255 - Updater Check For Update Now.
2022-02-17 11:15:51,864 [INFO] MicroXplorer:472 - Change Database Version : DB.6.0.21
2022-02-17 11:15:51,893 [INFO] CheckServerUpdateThread:102 - End of CheckServer Thread
2022-02-17 11:15:51,975 [INFO] MainUpdater:2661 - connection check result : 10
2022-02-17 11:15:51,976 [INFO] MainUpdater:2661 - connection check result : 10
2022-02-17 11:15:52,042 [INFO] MicroXplorer:442 - Change Database Path : 
2022-02-17 11:15:52,042 [INFO] MicroXplorer:472 - Change Database Version : DB.6.0.21
2022-02-17 11:15:52,042 [WARN] ThirdParty:796 - waiting for thirdparty lock release [close project]
2022-02-17 11:15:52,042 [INFO] ThirdParty:798 - entering critical section [close project]
2022-02-17 11:15:52,042 [INFO] ThirdParty:809 - exiting critical section [close project]
2022-02-17 11:15:52,045 [INFO] PinOutPanel:1435 - setPackage(No Configuration,No Configuration)
2022-02-17 11:15:52,046 [INFO] UtilMem:74 - Begin LoadConfig() Used Memory: 431341768 Bytes (520093696)
2022-02-17 11:15:52,047 [INFO] MicroXplorer:442 - Change Database Path : 
2022-02-17 11:15:52,047 [INFO] MicroXplorer:472 - Change Database Version : DB.6.0.21
2022-02-17 11:15:52,047 [INFO] OpenFileManager:303 - Change cursor
2022-02-17 11:15:52,060 [WARN] IntegrityCheckThread:59 - waiting for thirdparty lock release [integrity check]
2022-02-17 11:15:52,060 [INFO] IntegrityCheckThread:61 - entering critical section [integrity check]
2022-02-17 11:15:52,116 [WARN] PackLoader:226 - Cannot read IP mode file for STMicroelectronics.X-CUBE-AI.7.1.0
2022-02-17 11:15:52,133 [WARN] PackLoader:226 - Cannot read IP mode file for STMicroelectronics.X-CUBE-BLE1.6.2.1
2022-02-17 11:15:52,138 [WARN] PackLoader:226 - Cannot read IP mode file for STMicroelectronics.X-CUBE-BLE1.6.2.2
2022-02-17 11:15:52,144 [WARN] PackLoader:226 - Cannot read IP mode file for STMicroelectronics.X-CUBE-BLE2.3.2.1
2022-02-17 11:15:52,149 [WARN] PackLoader:226 - Cannot read IP mode file for STMicroelectronics.X-CUBE-BLE2.3.2.2
2022-02-17 11:15:52,156 [WARN] PackLoader:226 - Cannot read IP mode file for STMicroelectronics.X-CUBE-NFC4.2.0.3
2022-02-17 11:15:52,162 [WARN] PackLoader:226 - Cannot read IP mode file for wolfSSL.I-CUBE-wolfSSL.4.8.0
2022-02-17 11:15:52,168 [WARN] PackLoader:226 - Cannot read IP mode file for STMicroelectronics.X-CUBE-SFXS2LP1.3.1.0
2022-02-17 11:15:52,196 [WARN] PackLoader:226 - Cannot read IP mode file for STMicroelectronics.X-CUBE-AZRTOS-F4.1.0.0
2022-02-17 11:15:52,205 [WARN] PackLoader:226 - Cannot read IP mode file for STMicroelectronics.X-CUBE-TOF1.2.0.0
2022-02-17 11:15:52,229 [WARN] PackLoader:226 - Cannot read IP mode file for STMicroelectronics.X-CUBE-SUBG2.4.2.0
2022-02-17 11:15:52,243 [WARN] PackLoader:226 - Cannot read IP mode file for STMicroelectronics.X-CUBE-ALGOBUILD.1.2.1
2022-02-17 11:15:52,250 [WARN] PackLoader:226 - Cannot read IP mode file for STMicroelectronics.X-CUBE-DISPLAY.1.0.0
2022-02-17 11:15:52,274 [WARN] PackLoader:226 - Cannot read IP mode file for STMicroelectronics.X-CUBE-AZRTOS-G0.1.0.0
2022-02-17 11:15:52,282 [WARN] PackLoader:226 - Cannot read IP mode file for STMicroelectronics.X-CUBE-TOUCHGFX.4.18.1
2022-02-17 11:15:52,285 [WARN] PackLoader:226 - Cannot read IP mode file for STMicroelectronics.X-CUBE-TOUCHGFX.4.18.0
2022-02-17 11:15:52,299 [WARN] PackLoader:226 - Cannot read IP mode file for RoweBots.I-CUBE-UNISONRTOS.5.5.0-4
2022-02-17 11:15:52,352 [WARN] PackLoader:226 - Cannot read IP mode file for STMicroelectronics.X-CUBE-MEMS1.9.0.0
2022-02-17 11:15:52,549 [WARN] PackLoader:226 - Cannot read IP mode file for STMicroelectronics.X-CUBE-ALGOBUILD.1.3.0
2022-02-17 11:15:52,581 [WARN] PackLoader:226 - Cannot read IP mode file for SEGGER.I-CUBE-embOS.1.2.0
2022-02-17 11:15:52,619 [WARN] PackLoader:226 - Cannot read IP mode file for STMicroelectronics.X-CUBE-TOUCHGFX.4.17.0
2022-02-17 11:15:52,640 [WARN] PackLoader:226 - Cannot read IP mode file for STMicroelectronics.X-CUBE-AZRTOS-H7.2.0.0
2022-02-17 11:15:52,663 [WARN] PackLoader:226 - Cannot read IP mode file for STMicroelectronics.X-CUBE-AZRTOS-G4.1.0.0
2022-02-17 11:15:52,684 [WARN] PackLoader:226 - Cannot read IP mode file for STMicroelectronics.X-CUBE-AZRTOS-L4.1.0.0
2022-02-17 11:15:52,709 [WARN] PackLoader:226 - Cannot read IP mode file for STMicroelectronics.X-CUBE-AZRTOS-F7.1.0.0
2022-02-17 11:15:52,756 [WARN] PackLoader:226 - Cannot read IP mode file for STMicroelectronics.X-CUBE-MEMS1.9.1.0
2022-02-17 11:15:52,915 [WARN] PackLoader:226 - Cannot read IP mode file for STMicroelectronics.X-CUBE-ALS.1.0.1
2022-02-17 11:15:52,917 [WARN] PackLoader:226 - Cannot read IP mode file for STMicroelectronics.X-CUBE-AI.7.0.0
2022-02-17 11:15:52,929 [WARN] PackLoader:226 - Cannot read IP mode file for STMicroelectronics.X-CUBE-AZRTOS-L5.1.0.0
2022-02-17 11:15:52,934 [WARN] PackLoader:226 - Cannot read IP mode file for STMicroelectronics.X-CUBE-EEPRMA1.3.1.0
2022-02-17 11:15:52,936 [WARN] PackLoader:226 - Cannot read IP mode file for STMicroelectronics.X-CUBE-EEPRMA1.3.1.1
2022-02-17 11:15:52,939 [WARN] PackLoader:226 - Cannot read IP mode file for STMicroelectronics.X-CUBE-GNSS1.5.2.0
2022-02-17 11:15:52,948 [WARN] PackLoader:226 - Cannot read IP mode file for STMicroelectronics.X-CUBE-DISPLAY.2.0.0
2022-02-17 11:15:52,951 [WARN] PackLoader:226 - Cannot read IP mode file for STMicroelectronics.X-CUBE-DISPLAY.2.0.1
2022-02-17 11:15:52,955 [WARN] PackLoader:226 - Cannot read IP mode file for STMicroelectronics.X-CUBE-TOF1.3.0.0
2022-02-17 11:15:52,956 [INFO] ThirdParty:900 - Integrity check success = true
2022-02-17 11:15:52,956 [INFO] IntegrityCheckThread:75 - exiting critical section [integrity check]
2022-02-17 11:15:52,957 [INFO] IntegrityCheckThread:78 - End integrity checks thread
2022-02-17 11:15:55,044 [INFO] Context:587 - Trying to add GPIOservice into a context  which must be forbidden
2022-02-17 11:15:55,735 [WARN] ApiManager:294 - Cannot register API 'Board Extension:IKS01A3' from pack STMicroelectronics.X-CUBE-MEMS1.9.0.0: no header file found
2022-02-17 11:15:55,736 [WARN] ApiManager:294 - Cannot register API 'Board Extension:IKS01A2' from pack STMicroelectronics.X-CUBE-MEMS1.9.0.0: no header file found
2022-02-17 11:15:55,736 [WARN] ApiManager:294 - Cannot register API 'Board Extension:IKS02A1' from pack STMicroelectronics.X-CUBE-MEMS1.9.0.0: no header file found
2022-02-17 11:15:55,743 [INFO] RtosManager:470 - Registered RTOS mode: class=CMSIS, group=RTOS, mode=CMSIS_V1, owner=FREERTOS
2022-02-17 11:15:55,743 [INFO] RtosManager:470 - Registered RTOS mode: class=CMSIS, group=RTOS2, mode=CMSIS_V2, owner=FREERTOS
2022-02-17 11:15:55,743 [INFO] RtosManager:470 - Registered RTOS mode: class=RTOS, group=Core, mode=CMSIS_V1, owner=FREERTOS
2022-02-17 11:15:55,743 [INFO] RtosManager:470 - Registered RTOS mode: class=RTOS, group=Core, mode=CMSIS_V2, owner=FREERTOS
2022-02-17 11:15:55,743 [WARN] ModelIntegratedComponent:182 - Missing modes for component STMicroelectronics:FreeRTOS:0.0.1:STMicroelectronics:RTOS:FreeRTOS:Core:::10.2.0:
2022-02-17 11:15:55,748 [WARN] ApiManager:294 - Cannot register API 'Wireless:BlueNRG-MS' from pack STMicroelectronics.X-CUBE-BLE1.6.2.1: no header file found
2022-02-17 11:15:55,748 [WARN] ApiManager:294 - Cannot register API 'Wireless:BlueNRG-MS' from pack STMicroelectronics.X-CUBE-BLE1.6.2.2: no header file found
2022-02-17 11:15:55,749 [WARN] ApiManager:294 - Cannot register API 'Wireless:BlueNRG-2' from pack STMicroelectronics.X-CUBE-BLE2.3.2.1: no header file found
2022-02-17 11:15:55,749 [WARN] ApiManager:294 - Cannot register API 'Wireless:BlueNRG-2' from pack STMicroelectronics.X-CUBE-BLE2.3.2.2: no header file found
2022-02-17 11:15:55,749 [WARN] ApiManager:294 - Cannot register API 'Board Extension:NFC04A1' from pack STMicroelectronics.X-CUBE-NFC4.2.0.3: no header file found
2022-02-17 11:15:55,750 [WARN] ApiManager:294 - Cannot register API 'Board Extension:S2868A1' from pack STMicroelectronics.X-CUBE-SFXS2LP1.3.1.0: no header file found
2022-02-17 11:15:55,750 [WARN] ApiManager:294 - Cannot register API 'Board Extension:S2868A2' from pack STMicroelectronics.X-CUBE-SFXS2LP1.3.1.0: no header file found
2022-02-17 11:15:55,750 [WARN] ApiManager:294 - Cannot register API 'Board Extension:S2915A1' from pack STMicroelectronics.X-CUBE-SFXS2LP1.3.1.0: no header file found
2022-02-17 11:15:55,755 [WARN] ModelIntegratedComponent:51 - No mode defined for component null
2022-02-17 11:15:55,755 [WARN] ModelIntegratedComponent:51 - No mode defined for component null
2022-02-17 11:15:55,755 [WARN] ModelIntegratedComponent:51 - No mode defined for component null
2022-02-17 11:15:55,755 [WARN] ModelIntegratedComponent:51 - No mode defined for component null
2022-02-17 11:15:55,755 [WARN] ModelIntegratedComponent:51 - No mode defined for component null
2022-02-17 11:15:55,755 [WARN] ModelIntegratedComponent:51 - No mode defined for component null
2022-02-17 11:15:55,755 [WARN] ModelIntegratedComponent:51 - No mode defined for component null
2022-02-17 11:15:55,755 [WARN] ModelIntegratedComponent:51 - No mode defined for component null
2022-02-17 11:15:55,755 [WARN] ModelIntegratedComponent:51 - No mode defined for component null
2022-02-17 11:15:55,756 [WARN] ModelIntegratedComponent:51 - No mode defined for component null
2022-02-17 11:15:55,756 [WARN] ModelIntegratedComponent:51 - No mode defined for component null
2022-02-17 11:15:55,756 [WARN] ModelIntegratedComponent:51 - No mode defined for component null
2022-02-17 11:15:55,756 [WARN] ModelIntegratedComponent:51 - No mode defined for component null
2022-02-17 11:15:55,756 [WARN] ModelIntegratedComponent:51 - No mode defined for component null
2022-02-17 11:15:55,756 [WARN] ModelIntegratedComponent:51 - No mode defined for component null
2022-02-17 11:15:55,756 [WARN] ModelIntegratedComponent:51 - No mode defined for component null
2022-02-17 11:15:55,756 [WARN] ModelIntegratedComponent:51 - No mode defined for component null
2022-02-17 11:15:55,756 [WARN] ModelIntegratedComponent:51 - No mode defined for component null
2022-02-17 11:15:55,756 [WARN] ModelIntegratedComponent:51 - No mode defined for component null
2022-02-17 11:15:55,756 [WARN] ModelIntegratedComponent:51 - No mode defined for component null
2022-02-17 11:15:55,756 [WARN] ModelIntegratedComponent:51 - No mode defined for component null
2022-02-17 11:15:55,756 [WARN] ModelIntegratedComponent:51 - No mode defined for component null
2022-02-17 11:15:55,756 [WARN] ModelIntegratedComponent:51 - No mode defined for component null
2022-02-17 11:15:55,756 [WARN] ModelIntegratedComponent:51 - No mode defined for component null
2022-02-17 11:15:55,756 [WARN] ModelIntegratedComponent:51 - No mode defined for component null
2022-02-17 11:15:55,756 [WARN] ModelIntegratedComponent:51 - No mode defined for component null
2022-02-17 11:15:55,756 [WARN] ModelIntegratedComponent:51 - No mode defined for component null
2022-02-17 11:15:55,759 [WARN] ApiManager:294 - Cannot register API 'Board Extension:S2868A1' from pack STMicroelectronics.X-CUBE-SUBG2.4.2.0: no header file found
2022-02-17 11:15:55,759 [WARN] ApiManager:294 - Cannot register API 'Board Extension:S2868A2' from pack STMicroelectronics.X-CUBE-SUBG2.4.2.0: no header file found
2022-02-17 11:15:55,759 [WARN] ApiManager:294 - Cannot register API 'Board Extension:S2915A1' from pack STMicroelectronics.X-CUBE-SUBG2.4.2.0: no header file found
2022-02-17 11:15:55,860 [WARN] ApiManager:294 - Cannot register API 'Board Extension:IKS01A3' from pack STMicroelectronics.X-CUBE-MEMS1.9.1.0: no header file found
2022-02-17 11:15:55,860 [WARN] ApiManager:294 - Cannot register API 'Board Extension:IKS01A2' from pack STMicroelectronics.X-CUBE-MEMS1.9.1.0: no header file found
2022-02-17 11:15:55,860 [WARN] ApiManager:294 - Cannot register API 'Board Extension:IKS02A1' from pack STMicroelectronics.X-CUBE-MEMS1.9.1.0: no header file found
2022-02-17 11:15:55,867 [WARN] ApiManager:294 - Cannot register API 'Board Extension:EEPRMA1' from pack STMicroelectronics.X-CUBE-EEPRMA1.3.1.0: no header file found
2022-02-17 11:15:55,867 [WARN] ApiManager:294 - Cannot register API 'Board Extension:EEPRMA2' from pack STMicroelectronics.X-CUBE-EEPRMA1.3.1.0: no header file found
2022-02-17 11:15:55,868 [WARN] ApiManager:294 - Cannot register API 'Board Extension:EEPRMA1' from pack STMicroelectronics.X-CUBE-EEPRMA1.3.1.1: no header file found
2022-02-17 11:15:55,868 [WARN] ApiManager:294 - Cannot register API 'Board Extension:EEPRMA2' from pack STMicroelectronics.X-CUBE-EEPRMA1.3.1.1: no header file found
2022-02-17 11:15:55,869 [WARN] ApiManager:294 - Cannot register API 'Board Extension:GNSS1A1' from pack STMicroelectronics.X-CUBE-GNSS1.5.2.0: no header file found
2022-02-17 11:15:55,869 [WARN] ApiManager:294 - Cannot register API 'Board Support:Custom' from pack STMicroelectronics.X-CUBE-GNSS1.5.2.0: no header file found
2022-02-17 11:15:55,869 [WARN] ApiManager:294 - Cannot register API 'Data Exchange:lib_gnss' from pack STMicroelectronics.X-CUBE-GNSS1.5.2.0: no header file found
2022-02-17 11:15:57,366 [INFO] ImportTextPane:162 - (OptionalMessage_ERROR) IP (RCC) : Invalid parameter (FamilyName)
2022-02-17 11:15:57,369 [INFO] ImportTextPane:162 - (OptionalMessage_ERROR) IP (RCC) : Parameter (RNGFreq_Value) has invalid value (64000000)
2022-02-17 11:15:57,369 [INFO] ImportTextPane:162 - (OptionalMessage_ERROR) IP (RCC) : Parameter (SDMMCFreq_Value) has invalid value (64000000)
2022-02-17 11:15:57,369 [INFO] ImportTextPane:162 - (OptionalMessage_ERROR) IP (RCC) : Parameter (USBFreq_Value) has invalid value (64000000)
2022-02-17 11:15:57,671 [INFO] UtilMem:74 - End LoadConfig() Used Memory: 528946816 Bytes (704643072)
2022-02-17 11:15:57,673 [INFO] DbMcusXml:100 - Load MCU database from C:\ST\STM32CubeIDE_1.6.1\STM32CubeIDE\plugins\com.st.stm32cube.common.mx_6.2.1.202103241236\\db\/mcu/families.xml
2022-02-17 11:15:58,323 [INFO] DbMcusJson:94 - JSON generation date=Wed Nov 17 00:17:54 CST 2021 (1637079474)
2022-02-17 11:15:58,902 [INFO] DbMcus:175 - Found 1906 MCUs (1866 are supported by CubeMX, 1920 are visible in CubeMX)
2022-02-17 11:15:58,903 [INFO] ApiDb:251 - Load user favorites file C:\Users\user/.stm32cubeide/favorites.mcus.txt: 1 item(s)
2022-02-17 11:15:58,904 [INFO] ApiDb:255 - User favorites MCUs=[STM32F103C8Tx]
2022-02-17 11:15:58,904 [INFO] DbMcus:187 - Set 1 / 1 favorites MCUs
2022-02-17 11:15:58,906 [WARN] ThirdParty:762 - waiting for thirdparty lock release [change project]
2022-02-17 11:15:58,906 [INFO] ThirdParty:764 - entering critical section [change project]
2022-02-17 11:15:58,907 [INFO] ThirdParty:952 - CMSIS Pack Vendor :RoweBots I-CUBE-UNISONRTOS 5.5.0-4
2022-02-17 11:15:58,907 [INFO] ThirdParty:952 - CMSIS Pack Vendor :STMicroelectronics USB_HOST 2.0.0
2022-02-17 11:15:58,907 [INFO] ThirdParty:952 - CMSIS Pack Vendor :STMicroelectronics USB_DEVICE 3.0.0
2022-02-17 11:15:58,907 [INFO] ThirdParty:952 - CMSIS Pack Vendor :STMicroelectronics X-CUBE-MEMS1 9.0.0
2022-02-17 11:15:58,907 [INFO] ThirdParty:952 - CMSIS Pack Vendor :STMicroelectronics USB_DEVICE 2.0.0
2022-02-17 11:15:58,907 [INFO] ThirdParty:952 - CMSIS Pack Vendor :STMicroelectronics X-CUBE-AI 7.1.0
2022-02-17 11:15:58,907 [INFO] ThirdParty:952 - CMSIS Pack Vendor :STMicroelectronics X-CUBE-ALGOBUILD 1.3.0
2022-02-17 11:15:58,907 [INFO] ThirdParty:952 - CMSIS Pack Vendor :STMicroelectronics FreeRTOS 0.0.1
2022-02-17 11:15:58,907 [INFO] ThirdParty:952 - CMSIS Pack Vendor :SEGGER I-CUBE-embOS 1.2.0
2022-02-17 11:15:58,907 [INFO] ThirdParty:952 - CMSIS Pack Vendor :STMicroelectronics lwIP 2.0.3
2022-02-17 11:15:58,907 [INFO] ThirdParty:952 - CMSIS Pack Vendor :STMicroelectronics X-CUBE-BLE1 6.2.1
2022-02-17 11:15:58,907 [INFO] ThirdParty:952 - CMSIS Pack Vendor :STMicroelectronics X-CUBE-BLE1 6.2.2
2022-02-17 11:15:58,908 [INFO] ThirdParty:952 - CMSIS Pack Vendor :STMicroelectronics X-CUBE-BLE2 3.2.1
2022-02-17 11:15:58,908 [INFO] ThirdParty:952 - CMSIS Pack Vendor :STMicroelectronics X-CUBE-BLE2 3.2.2
2022-02-17 11:15:58,908 [INFO] ThirdParty:952 - CMSIS Pack Vendor :STMicroelectronics USB_HOST 1.0.0
2022-02-17 11:15:58,908 [INFO] ThirdParty:952 - CMSIS Pack Vendor :STMicroelectronics X-CUBE-NFC4 2.0.3
2022-02-17 11:15:58,908 [INFO] ThirdParty:952 - CMSIS Pack Vendor :wolfSSL I-CUBE-wolfSSL 4.8.0
2022-02-17 11:15:58,908 [INFO] ThirdParty:952 - CMSIS Pack Vendor :STMicroelectronics X-CUBE-TOUCHGFX 4.17.0
2022-02-17 11:15:58,908 [INFO] ThirdParty:952 - CMSIS Pack Vendor :STMicroelectronics PDM2PCM 3.1.0
2022-02-17 11:15:58,908 [INFO] ThirdParty:952 - CMSIS Pack Vendor :STMicroelectronics PDM2PCM 3.3.0
2022-02-17 11:15:58,908 [INFO] ThirdParty:952 - CMSIS Pack Vendor :STMicroelectronics X-CUBE-SFXS2LP1 3.1.0
2022-02-17 11:15:58,908 [INFO] ThirdParty:952 - CMSIS Pack Vendor :STMicroelectronics X-CUBE-AZRTOS-F4 1.0.0
2022-02-17 11:15:58,908 [INFO] ThirdParty:952 - CMSIS Pack Vendor :STMicroelectronics X-CUBE-AZRTOS-H7 2.0.0
2022-02-17 11:15:58,909 [INFO] ThirdParty:952 - CMSIS Pack Vendor :STMicroelectronics X-CUBE-AZRTOS-G4 1.0.0
2022-02-17 11:15:58,909 [INFO] ThirdParty:952 - CMSIS Pack Vendor :STMicroelectronics X-CUBE-AZRTOS-L4 1.0.0
2022-02-17 11:15:58,909 [INFO] ThirdParty:952 - CMSIS Pack Vendor :STMicroelectronics X-CUBE-TOF1 2.0.0
2022-02-17 11:15:58,909 [INFO] ThirdParty:952 - CMSIS Pack Vendor :STMicroelectronics HAL Drivers 0.0.0
2022-02-17 11:15:58,909 [INFO] ThirdParty:952 - CMSIS Pack Vendor :STMicroelectronics MBEDTLS 2.16.2
2022-02-17 11:15:58,909 [INFO] ThirdParty:952 - CMSIS Pack Vendor :STMicroelectronics MBEDTLS 2.14.1
2022-02-17 11:15:58,909 [INFO] ThirdParty:952 - CMSIS Pack Vendor :STMicroelectronics X-CUBE-AZRTOS-F7 1.0.0
2022-02-17 11:15:58,909 [INFO] ThirdParty:952 - CMSIS Pack Vendor :STMicroelectronics X-CUBE-SUBG2 4.2.0
2022-02-17 11:15:58,909 [INFO] ThirdParty:952 - CMSIS Pack Vendor :STMicroelectronics X-CUBE-MEMS1 9.1.0
2022-02-17 11:15:58,909 [INFO] ThirdParty:952 - CMSIS Pack Vendor :STMicroelectronics X-CUBE-ALS 1.0.1
2022-02-17 11:15:58,909 [INFO] ThirdParty:952 - CMSIS Pack Vendor :STMicroelectronics X-CUBE-AI 7.0.0
2022-02-17 11:15:58,909 [INFO] ThirdParty:952 - CMSIS Pack Vendor :STMicroelectronics X-CUBE-ALGOBUILD 1.2.1
2022-02-17 11:15:58,909 [INFO] ThirdParty:952 - CMSIS Pack Vendor :STMicroelectronics X-CUBE-DISPLAY 1.0.0
2022-02-17 11:15:58,909 [INFO] ThirdParty:952 - CMSIS Pack Vendor :STMicroelectronics X-CUBE-AZRTOS-L5 1.0.0
2022-02-17 11:15:58,909 [INFO] ThirdParty:952 - CMSIS Pack Vendor :STMicroelectronics USB_DEVICE 1.0.0
2022-02-17 11:15:58,909 [INFO] ThirdParty:952 - CMSIS Pack Vendor :STMicroelectronics X-CUBE-EEPRMA1 3.1.0
2022-02-17 11:15:58,910 [INFO] ThirdParty:952 - CMSIS Pack Vendor :STMicroelectronics X-CUBE-AZRTOS-G0 1.0.0
2022-02-17 11:15:58,910 [INFO] ThirdParty:952 - CMSIS Pack Vendor :STMicroelectronics X-CUBE-EEPRMA1 3.1.1
2022-02-17 11:15:58,910 [INFO] ThirdParty:952 - CMSIS Pack Vendor :STMicroelectronics X-CUBE-GNSS1 5.2.0
2022-02-17 11:15:58,910 [INFO] ThirdParty:952 - CMSIS Pack Vendor :STMicroelectronics lwIP 2.1.2
2022-02-17 11:15:58,910 [INFO] ThirdParty:952 - CMSIS Pack Vendor :STMicroelectronics X-CUBE-DISPLAY 2.0.0
2022-02-17 11:15:58,910 [INFO] ThirdParty:952 - CMSIS Pack Vendor :STMicroelectronics X-CUBE-DISPLAY 2.0.1
2022-02-17 11:15:58,910 [INFO] ThirdParty:952 - CMSIS Pack Vendor :STMicroelectronics PDM2PCM 3.2.0
2022-02-17 11:15:58,910 [INFO] ThirdParty:952 - CMSIS Pack Vendor :STMicroelectronics X-CUBE-TOUCHGFX 4.18.1
2022-02-17 11:15:58,910 [INFO] ThirdParty:952 - CMSIS Pack Vendor :STMicroelectronics X-CUBE-TOF1 3.0.0
2022-02-17 11:15:58,910 [INFO] ThirdParty:952 - CMSIS Pack Vendor :STMicroelectronics X-CUBE-TOUCHGFX 4.18.0
2022-02-17 11:15:58,910 [INFO] ThirdParty:770 - exiting critical section [change project]
2022-02-17 11:15:59,249 [INFO] PinOutPanel:1435 - setPackage(No Configuration,No Configuration)
2022-02-17 11:15:59,250 [INFO] PinOutPanel:1435 - setPackage(STM32L476RGTx,LQFP64)
2022-02-17 11:15:59,887 [INFO] UtilMem:74 - Before build in PCC Used Memory: 637160480 Bytes (804257792)
2022-02-17 11:16:00,206 [INFO] SharedServices:72 - Folder for power plug-in: C:/Users/user/.stm32cubemx/plugins/power
2022-02-17 11:16:00,232 [INFO] SharedServices:72 - Folder for power plug-in: C:/Users/user/.stm32cubemx/plugins/power
2022-02-17 11:16:00,297 [INFO] SharedServices:72 - Folder for power plug-in: C:/Users/user/.stm32cubemx/plugins/power
2022-02-17 11:16:00,306 [INFO] SharedServices:72 - Folder for power plug-in: C:/Users/user/.stm32cubemx/plugins/power
2022-02-17 11:16:00,418 [INFO] UtilMem:74 - After build in PCC Used Memory: 549064208 Bytes (804257792)
2022-02-17 11:16:00,439 [INFO] IPUIPlugin:64 - create IPUIPlugin
2022-02-17 11:16:00,439 [INFO] IPUIPlugin:64 - create IPUIPlugin
2022-02-17 11:16:00,439 [INFO] IPUIPlugin:64 - create IPUIPlugin
2022-02-17 11:16:00,439 [INFO] IPUIPlugin:64 - create IPUIPlugin
2022-02-17 11:16:00,439 [INFO] IPUIPlugin:64 - create IPUIPlugin
2022-02-17 11:16:00,439 [INFO] IPUIPlugin:64 - create IPUIPlugin
2022-02-17 11:16:00,439 [INFO] IPUIPlugin:64 - create IPUIPlugin
2022-02-17 11:16:00,439 [INFO] IPUIPlugin:64 - create IPUIPlugin
2022-02-17 11:16:00,439 [INFO] IPUIPlugin:64 - create IPUIPlugin
2022-02-17 11:16:00,440 [INFO] IPUIPlugin:64 - create IPUIPlugin
2022-02-17 11:16:00,440 [INFO] IPUIPlugin:64 - create IPUIPlugin
2022-02-17 11:16:00,440 [INFO] IPUIPlugin:64 - create IPUIPlugin
2022-02-17 11:16:00,440 [INFO] IPUIPlugin:64 - create IPUIPlugin
2022-02-17 11:16:00,440 [INFO] IPUIPlugin:64 - create IPUIPlugin
2022-02-17 11:16:00,440 [INFO] IPUIPlugin:64 - create IPUIPlugin
2022-02-17 11:16:00,440 [INFO] IPUIPlugin:64 - create IPUIPlugin
2022-02-17 11:16:00,440 [INFO] IPUIPlugin:64 - create IPUIPlugin
2022-02-17 11:16:00,440 [INFO] IPUIPlugin:64 - create IPUIPlugin
2022-02-17 11:16:00,441 [INFO] IPUIPlugin:64 - create IPUIPlugin
2022-02-17 11:16:00,441 [INFO] IPUIPlugin:64 - create IPUIPlugin
2022-02-17 11:16:00,441 [INFO] IPUIPlugin:64 - create IPUIPlugin
2022-02-17 11:16:00,441 [INFO] IPUIPlugin:64 - create IPUIPlugin
2022-02-17 11:16:00,442 [INFO] IPUIPlugin:64 - create IPUIPlugin
2022-02-17 11:16:00,442 [INFO] IPUIPlugin:64 - create IPUIPlugin
2022-02-17 11:16:00,442 [INFO] IPUIPlugin:64 - create IPUIPlugin
2022-02-17 11:16:00,442 [INFO] IPUIPlugin:64 - create IPUIPlugin
2022-02-17 11:16:00,442 [INFO] IPUIPlugin:64 - create IPUIPlugin
2022-02-17 11:16:00,443 [INFO] IPUIPlugin:64 - create IPUIPlugin
2022-02-17 11:16:00,443 [INFO] IPUIPlugin:64 - create IPUIPlugin
2022-02-17 11:16:00,443 [INFO] IPUIPlugin:64 - create IPUIPlugin
2022-02-17 11:16:00,444 [INFO] IPUIPlugin:64 - create IPUIPlugin
2022-02-17 11:16:00,444 [INFO] IPUIPlugin:64 - create IPUIPlugin
2022-02-17 11:16:00,444 [INFO] IPUIPlugin:64 - create IPUIPlugin
2022-02-17 11:16:00,444 [INFO] IPUIPlugin:64 - create IPUIPlugin
2022-02-17 11:16:00,445 [INFO] IPUIPlugin:64 - create IPUIPlugin
2022-02-17 11:16:00,445 [INFO] IPUIPlugin:64 - create IPUIPlugin
2022-02-17 11:16:00,445 [INFO] IPUIPlugin:64 - create IPUIPlugin
2022-02-17 11:16:00,446 [INFO] IPUIPlugin:64 - create IPUIPlugin
2022-02-17 11:16:00,446 [INFO] IPUIPlugin:64 - create IPUIPlugin
2022-02-17 11:16:00,446 [INFO] IPUIPlugin:64 - create IPUIPlugin
2022-02-17 11:16:00,446 [INFO] IPUIPlugin:64 - create IPUIPlugin
2022-02-17 11:16:00,447 [INFO] IPUIPlugin:64 - create IPUIPlugin
2022-02-17 11:16:00,447 [INFO] IPUIPlugin:64 - create IPUIPlugin
2022-02-17 11:16:00,447 [INFO] IPUIPlugin:64 - create IPUIPlugin
2022-02-17 11:16:00,447 [INFO] IPUIPlugin:64 - create IPUIPlugin
2022-02-17 11:16:00,448 [INFO] IPUIPlugin:64 - create IPUIPlugin
2022-02-17 11:16:00,448 [INFO] IPUIPlugin:64 - create IPUIPlugin
2022-02-17 11:16:00,449 [INFO] IPUIPlugin:64 - create IPUIPlugin
2022-02-17 11:16:00,449 [INFO] IPUIPlugin:64 - create IPUIPlugin
2022-02-17 11:16:00,450 [INFO] IPUIPlugin:64 - create IPUIPlugin
2022-02-17 11:16:00,450 [INFO] IPUIPlugin:64 - create IPUIPlugin
2022-02-17 11:16:00,451 [INFO] IPUIPlugin:64 - create IPUIPlugin
2022-02-17 11:16:00,451 [INFO] IPUIPlugin:64 - create IPUIPlugin
2022-02-17 11:16:00,451 [INFO] IPUIPlugin:64 - create IPUIPlugin
2022-02-17 11:16:00,452 [INFO] IPUIPlugin:64 - create IPUIPlugin
2022-02-17 11:16:00,452 [INFO] IPUIPlugin:64 - create IPUIPlugin
2022-02-17 11:16:00,453 [INFO] IPUIPlugin:64 - create IPUIPlugin
2022-02-17 11:16:00,454 [INFO] IPUIPlugin:64 - create IPUIPlugin
2022-02-17 11:16:00,454 [INFO] IPUIPlugin:64 - create IPUIPlugin
2022-02-17 11:16:00,479 [INFO] LogOutputStream:76 - [STDOUT_REDIRECT] toolchainItems.length=====1
2022-02-17 11:16:00,555 [INFO] OpenFileManager:323 - Restore cursor
